[I 2025-11-13 11:32:50.936 ServerApp] jupyter_lsp | extension was successfully linked.
[I 2025-11-13 11:32:50.937 ServerApp] jupyter_server_terminals | extension was successfully linked.
[I 2025-11-13 11:32:50.939 ServerApp] jupyterlab | extension was successfully linked.
[I 2025-11-13 11:32:50.939 ServerApp] jupyterlab_jupytext | extension was successfully linked.
[I 2025-11-13 11:32:50.941 ServerApp] notebook | extension was successfully linked.
[I 2025-11-13 11:32:51.040 ServerApp] notebook_shim | extension was successfully linked.
[I 2025-11-13 11:32:51.045 ServerApp] notebook_shim | extension was successfully loaded.
[I 2025-11-13 11:32:51.046 ServerApp] jupyter_lsp | extension was successfully loaded.
[I 2025-11-13 11:32:51.046 ServerApp] jupyter_server_terminals | extension was successfully loaded.
[I 2025-11-13 11:32:51.047 LabApp] JupyterLab extension loaded from /home/yuqin/miniconda3/envs/DAA/lib/python3.11/site-packages/jupyterlab
[I 2025-11-13 11:32:51.047 LabApp] JupyterLab application directory is /home/yuqin/miniconda3/envs/DAA/share/jupyter/lab
[I 2025-11-13 11:32:51.047 LabApp] Extension Manager is 'pypi'.
[I 2025-11-13 11:32:51.068 ServerApp] jupyterlab | extension was successfully loaded.
[I 2025-11-13 11:32:51.068 ServerApp] [Jupytext Server Extension] Deriving an AsyncTextFileContentsManager from AsyncLargeFileManager
[I 2025-11-13 11:32:51.069 ServerApp] jupyterlab_jupytext | extension was successfully loaded.
[I 2025-11-13 11:32:51.070 ServerApp] notebook | extension was successfully loaded.
[I 2025-11-13 11:32:51.071 ServerApp] Serving notebooks from local directory: /home/yuqin/DAA
[I 2025-11-13 11:32:51.071 ServerApp] Jupyter Server 2.16.0 is running at:
[I 2025-11-13 11:32:51.071 ServerApp] http://localhost:8888/tree?token=a9f6e2c6cdc4ba655c4442bf58c4976ff13beee3763f93a6
[I 2025-11-13 11:32:51.071 ServerApp]     http://127.0.0.1:8888/tree?token=a9f6e2c6cdc4ba655c4442bf58c4976ff13beee3763f93a6
[I 2025-11-13 11:32:51.071 ServerApp] Use Control-C to stop this server and shut down all kernels (twice to skip confirmation).
[C 2025-11-13 11:32:51.914 ServerApp] 
    
    To access the server, open this file in a browser:
        file:///home/yuqin/.local/share/jupyter/runtime/jpserver-402-open.html
    Or copy and paste one of these URLs:
        http://localhost:8888/tree?token=a9f6e2c6cdc4ba655c4442bf58c4976ff13beee3763f93a6
        http://127.0.0.1:8888/tree?token=a9f6e2c6cdc4ba655c4442bf58c4976ff13beee3763f93a6
WARNING: You don't seem to have any mimeinfo.cache files.
Try running the update-desktop-database command. If you
don't have this command you should install the
desktop-file-utils package. This package is available from
http://freedesktop.org/wiki/Software/desktop-file-utils/
No applications found for mimetype: text/html
./usr/bin/xdg-open: 882: x-www-browser: not found
/usr/bin/xdg-open: 882: firefox: not found
/usr/bin/xdg-open: 882: iceweasel: not found
/usr/bin/xdg-open: 882: seamonkey: not found
/usr/bin/xdg-open: 882: mozilla: not found
/usr/bin/xdg-open: 882: epiphany: not found
/usr/bin/xdg-open: 882: konqueror: not found
/usr/bin/xdg-open: 882: chromium: not found
/usr/bin/xdg-open: 882: chromium-browser: not found
/usr/bin/xdg-open: 882: google-chrome: not found
/usr/bin/xdg-open: 882: www-browser: not found
/usr/bin/xdg-open: 882: links2: not found
/usr/bin/xdg-open: 882: elinks: not found
/usr/bin/xdg-open: 882: links: not found
/usr/bin/xdg-open: 882: lynx: not found
[I 2025-11-13 11:32:52.586 ServerApp] Skipped non-installed server(s): bash-language-server, dockerfile-language-server-nodejs, javascript-typescript-langserver, jedi-language-server, julia-language-server, pyright, python-language-server, python-lsp-server, r-languageserver, sql-language-server, texlab, typescript-language-server, unified-language-server, vscode-css-languageserver-bin, vscode-html-languageserver-bin, vscode-json-languageserver-bin, yaml-language-server
/usr/bin/xdg-open: 882: w3m: not found
xdg-open: no method available for opening 'file:///home/yuqin/.local/share/jupyter/runtime/jpserver-402-open.html'
